This is pdfTeX, Version 3.14159265-2.6-1.40.19 (TeX Live 2018) (preloaded format=pdflatex 2019.11.23)  14 APR 2020 20:38
entering extended mode
 restricted \write18 enabled.
 %&-line parsing enabled.
**Table1.2_TFP.tex
(./Table1.2_TFP.tex
LaTeX2e <2018-04-01> patch level 2
Babel <3.18> and hyphenation patterns for 84 language(s) loaded.
(/usr/local/texlive/2018/texmf-dist/tex/latex/base/article.cls
Document Class: article 2014/09/29 v1.4h Standard LaTeX document class
(/usr/local/texlive/2018/texmf-dist/tex/latex/base/size10.clo
File: size10.clo 2014/09/29 v1.4h Standard LaTeX file (size option)
)
\c@part=\count80
\c@section=\count81
\c@subsection=\count82
\c@subsubsection=\count83
\c@paragraph=\count84
\c@subparagraph=\count85
\c@figure=\count86
\c@table=\count87
\abovecaptionskip=\skip41
\belowcaptionskip=\skip42
\bibindent=\dimen102
)
(./Table1.2_TFP.aux)
\openout1 = `Table1.2_TFP.aux'.

LaTeX Font Info:    Checking defaults for OML/cmm/m/it on input line 3.
LaTeX Font Info:    ... okay on input line 3.
LaTeX Font Info:    Checking defaults for T1/cmr/m/n on input line 3.
LaTeX Font Info:    ... okay on input line 3.
LaTeX Font Info:    Checking defaults for OT1/cmr/m/n on input line 3.
LaTeX Font Info:    ... okay on input line 3.
LaTeX Font Info:    Checking defaults for OMS/cmsy/m/n on input line 3.
LaTeX Font Info:    ... okay on input line 3.
LaTeX Font Info:    Checking defaults for OMX/cmex/m/n on input line 3.
LaTeX Font Info:    ... okay on input line 3.
LaTeX Font Info:    Checking defaults for U/cmr/m/n on input line 3.
LaTeX Font Info:    ... okay on input line 3.
LaTeX Font Info:    External font `cmex10' loaded for size
(Font)              <5> on input line 5.

Overfull \hbox (109.19919pt too wide) in paragraph at lines 5--18
[][] 
 []

[1

{/usr/local/texlive/2018/texmf-var/fonts/map/pdftex/updmap/pdftex.map}]
(./Table1.2_TFP.aux) ) 
Here is how much of TeX's memory you used:
 202 strings out of 492649
 2227 string characters out of 6129621
 62838 words of memory out of 5000000
 4171 multiletter control sequences out of 15000+600000
 3640 words of font info for 14 fonts, out of 8000000 for 9000
 1141 hyphenation exceptions out of 8191
 23i,7n,17p,185b,113s stack positions out of 5000i,500n,10000p,200000b,80000s
</usr/local/texlive/2018/texmf-dist/fonts/type1/public/am
sfonts/cm/cmmi5.pfb></usr/local/texlive/2018/texmf-dist/fonts/type1/public/amsf
onts/cm/cmr10.pfb></usr/local/texlive/2018/texmf-dist/fonts/type1/public/amsfon
ts/cm/cmr5.pfb>
Output written on Table1.2_TFP.pdf (1 page, 30529 bytes).
PDF statistics:
 20 PDF objects out of 1000 (max. 8388607)
 13 compressed objects within 1 object stream
 0 named destinations out of 1000 (max. 500000)
 1 words of extra memory for PDF output out of 10000 (max. 10000000)

